2018-07-10 01:02:24 [scrapy.utils.log] INFO: Scrapy 1.5.0 started (bot: GScholar_Spider)
2018-07-10 01:02:24 [scrapy.utils.log] INFO: Versions: lxml 4.2.1.0, libxml2 2.9.8, cssselect 1.0.3, parsel 1.5.0, w3lib 1.19.0, Twisted 18.4.0, Python 2.7.15 |Anaconda, Inc.| (default, May  1 2018, 18:37:09) [MSC v.1500 64 bit (AMD64)], pyOpenSSL 18.0.0 (OpenSSL 1.0.2o  27 Mar 2018), cryptography 2.2.2, Platform Windows-7-6.1.7601-SP1
2018-07-10 01:02:24 [scrapy.crawler] INFO: Overridden settings: {'NEWSPIDER_MODULE': 'GScholar_Spider.spiders', 'SPIDER_MODULES': ['GScholar_Spider.spiders'], 'LOG_FILE': 'Logs.log', 'BOT_NAME': 'GScholar_Spider'}
2018-07-10 01:02:26 [scrapy.middleware] INFO: Enabled extensions:
['scrapy.extensions.logstats.LogStats',
 'scrapy.extensions.telnet.TelnetConsole',
 'scrapy.extensions.corestats.CoreStats']
2018-07-10 01:02:29 [scrapy.middleware] INFO: Enabled downloader middlewares:
['scrapy.downloadermiddlewares.httpauth.HttpAuthMiddleware',
 'scrapy.downloadermiddlewares.downloadtimeout.DownloadTimeoutMiddleware',
 'scrapy.downloadermiddlewares.defaultheaders.DefaultHeadersMiddleware',
 'scrapy.downloadermiddlewares.useragent.UserAgentMiddleware',
 'scrapy.downloadermiddlewares.retry.RetryMiddleware',
 'scrapy.downloadermiddlewares.redirect.MetaRefreshMiddleware',
 'scrapy.downloadermiddlewares.httpcompression.HttpCompressionMiddleware',
 'scrapy.downloadermiddlewares.redirect.RedirectMiddleware',
 'scrapy.downloadermiddlewares.cookies.CookiesMiddleware',
 'scrapy.downloadermiddlewares.httpproxy.HttpProxyMiddleware',
 'scrapy.downloadermiddlewares.stats.DownloaderStats']
2018-07-10 01:02:29 [scrapy.middleware] INFO: Enabled spider middlewares:
['scrapy.spidermiddlewares.httperror.HttpErrorMiddleware',
 'scrapy.spidermiddlewares.offsite.OffsiteMiddleware',
 'scrapy.spidermiddlewares.referer.RefererMiddleware',
 'scrapy.spidermiddlewares.urllength.UrlLengthMiddleware',
 'scrapy.spidermiddlewares.depth.DepthMiddleware']
2018-07-10 01:02:29 [scrapy.middleware] INFO: Enabled item pipelines:
[]
2018-07-10 01:02:29 [scrapy.core.engine] INFO: Spider opened
2018-07-10 01:02:29 [scrapy.extensions.logstats] INFO: Crawled 0 pages (at 0 pages/min), scraped 0 items (at 0 items/min)
2018-07-10 01:02:29 [scrapy.extensions.telnet] DEBUG: Telnet console listening on 127.0.0.1:6023
2018-07-10 01:02:31 [scrapy.core.engine] DEBUG: Crawled (200) <GET https://scholar.google.com.eg/citations?view_op=search_authors&hl=en&mauthors=label:description_logic> (referer: None)
2018-07-10 01:02:31 [scrapy.core.engine] DEBUG: Crawled (200) <GET https://scholar.google.com.eg/citations?hl=en&view_op=search_authors&mauthors=label%3ALOD&btnG> (referer: None)
2018-07-10 01:02:31 [scrapy.core.scraper] DEBUG: Scraped from <200 https://scholar.google.com.eg/citations?view_op=search_authors&hl=en&mauthors=label:description_logic>
{'Name': u'Ronald Cornet', 'Topics': [u'Knowledge representation', u'description logic', u'ontology', u'SNOMED CT', u'Artificial Intelligence', u'Knowledge Representation', u'Semantic Web', u'Description Logic', u'Description Logic', u'Automated Reasoning', u'Knowledge Representation', u'Semantic Web', u'Artificial Intelligence', u'Description logic', u'temporal logic', u'automated reasoning', u'Logic', u'Nonmonotonic Reasoning', u'Description Logic', u'Modal Logic', u'Knowledge Representation and Reasoning', u'Machine Learning', u'Natural Language Processing', u'Description Logic', u'Knowledge Representation', u'Information Retrieval', u'Semantic Web', u'Description Logic', u'Knowledge Engineering', u'Artificial Intelligence', u'Nonmonotonic reasoning', u'Description logic', u'Possibilistic Logic', u'Automata Theory', u'Logic', u'Description Logic', u'Complexity Theory', u'Decidability', u'modal logic', u'description logic', u'knowledge representation'], 'Affiliation': u'Associate professor in Medical Informatics, Academic Medical Center - University of\xa0\u2026', 'citedby': u'Cited by 3267', 'Link': u'https://scholar.google.com/citations?user=fEWSFjkAAAAJ&hl=en&oe=ASCII', 'email': u'Verified email at amc.uva.nl'}
2018-07-10 01:02:31 [scrapy.core.scraper] DEBUG: Scraped from <200 https://scholar.google.com.eg/citations?view_op=search_authors&hl=en&mauthors=label:description_logic>
{'Name': u'Stefan Schlobach', 'Topics': [u'Knowledge representation', u'description logic', u'ontology', u'SNOMED CT', u'Artificial Intelligence', u'Knowledge Representation', u'Semantic Web', u'Description Logic', u'Description Logic', u'Automated Reasoning', u'Knowledge Representation', u'Semantic Web', u'Artificial Intelligence', u'Description logic', u'temporal logic', u'automated reasoning', u'Logic', u'Nonmonotonic Reasoning', u'Description Logic', u'Modal Logic', u'Knowledge Representation and Reasoning', u'Machine Learning', u'Natural Language Processing', u'Description Logic', u'Knowledge Representation', u'Information Retrieval', u'Semantic Web', u'Description Logic', u'Knowledge Engineering', u'Artificial Intelligence', u'Nonmonotonic reasoning', u'Description logic', u'Possibilistic Logic', u'Automata Theory', u'Logic', u'Description Logic', u'Complexity Theory', u'Decidability', u'modal logic', u'description logic', u'knowledge representation'], 'Affiliation': u'Vrije Universiteit Amsterdam', 'citedby': u'Cited by 2738', 'Link': u'https://scholar.google.com/citations?user=MWCYB5QAAAAJ&hl=en&oe=ASCII', 'email': u'Verified email at vu.nl'}
2018-07-10 01:02:31 [scrapy.core.scraper] DEBUG: Scraped from <200 https://scholar.google.com.eg/citations?view_op=search_authors&hl=en&mauthors=label:description_logic>
{'Name': u'Cong Wang', 'Topics': [u'Knowledge representation', u'description logic', u'ontology', u'SNOMED CT', u'Artificial Intelligence', u'Knowledge Representation', u'Semantic Web', u'Description Logic', u'Description Logic', u'Automated Reasoning', u'Knowledge Representation', u'Semantic Web', u'Artificial Intelligence', u'Description logic', u'temporal logic', u'automated reasoning', u'Logic', u'Nonmonotonic Reasoning', u'Description Logic', u'Modal Logic', u'Knowledge Representation and Reasoning', u'Machine Learning', u'Natural Language Processing', u'Description Logic', u'Knowledge Representation', u'Information Retrieval', u'Semantic Web', u'Description Logic', u'Knowledge Engineering', u'Artificial Intelligence', u'Nonmonotonic reasoning', u'Description logic', u'Possibilistic Logic', u'Automata Theory', u'Logic', u'Description Logic', u'Complexity Theory', u'Decidability', u'modal logic', u'description logic', u'knowledge representation'], 'Affiliation': u'Kno.e.sis Center, Wright State University', 'citedby': u'Cited by 1460', 'Link': u'https://scholar.google.com/citations?user=pcmE2OcAAAAJ&hl=en&oe=ASCII', 'email': u'Verified email at wright.edu'}
2018-07-10 01:02:31 [scrapy.core.scraper] DEBUG: Scraped from <200 https://scholar.google.com.eg/citations?hl=en&view_op=search_authors&mauthors=label%3ALOD&btnG>
{'Name': u'Takahira Yamaguchi', 'Topics': [u'Ontologies', u'LOD', u'Human Friendly Robots', u'Intelligent System', u'Semantic Web', u'LOD', u'Ontology', u'Data Mining', u'RDF', u'LOD', u'Formats XML', u'Biblioth\xe8ques num\xe9riques', u'virtual reality', u'augmented reality', u'computer graphics', u'scientific visualization', u'LOD', u'LOD', u'Semantic Web', u'OLAP', u'Big Data Analysis', u'Information Retrieval', u'\uc815\ubcf4\uc11c\ube44\uc2a4', u'LOD', u'AI', u'LOD', u'OWL', u'Ontology', u'Semantic Web', u'Ontology Development', u'LOD', u'Web Mining', u'Information Architecture'], 'Affiliation': u'Keio University', 'citedby': u'Cited by 1716', 'Link': u'https://scholar.google.com/citations?user=ENSwT_MAAAAJ&hl=en&oe=ASCII', 'email': u'Verified email at ae.keio.ac.jp'}
2018-07-10 01:02:31 [scrapy.core.scraper] DEBUG: Scraped from <200 https://scholar.google.com.eg/citations?view_op=search_authors&hl=en&mauthors=label:description_logic>
{'Name': u'Boris Konev', 'Topics': [u'Knowledge representation', u'description logic', u'ontology', u'SNOMED CT', u'Artificial Intelligence', u'Knowledge Representation', u'Semantic Web', u'Description Logic', u'Description Logic', u'Automated Reasoning', u'Knowledge Representation', u'Semantic Web', u'Artificial Intelligence', u'Description logic', u'temporal logic', u'automated reasoning', u'Logic', u'Nonmonotonic Reasoning', u'Description Logic', u'Modal Logic', u'Knowledge Representation and Reasoning', u'Machine Learning', u'Natural Language Processing', u'Description Logic', u'Knowledge Representation', u'Information Retrieval', u'Semantic Web', u'Description Logic', u'Knowledge Engineering', u'Artificial Intelligence', u'Nonmonotonic reasoning', u'Description logic', u'Possibilistic Logic', u'Automata Theory', u'Logic', u'Description Logic', u'Complexity Theory', u'Decidability', u'modal logic', u'description logic', u'knowledge representation'], 'Affiliation': u'Professor of Computer Science, Liverpool University', 'citedby': u'Cited by 1450', 'Link': u'https://scholar.google.com/citations?user=W0VU0J8AAAAJ&hl=en&oe=ASCII', 'email': u'Verified email at liverpool.ac.uk'}
2018-07-10 01:02:31 [scrapy.core.scraper] DEBUG: Scraped from <200 https://scholar.google.com.eg/citations?view_op=search_authors&hl=en&mauthors=label:description_logic>
{'Name': u'Ivan Varzinczak', 'Topics': [u'Knowledge representation', u'description logic', u'ontology', u'SNOMED CT', u'Artificial Intelligence', u'Knowledge Representation', u'Semantic Web', u'Description Logic', u'Description Logic', u'Automated Reasoning', u'Knowledge Representation', u'Semantic Web', u'Artificial Intelligence', u'Description logic', u'temporal logic', u'automated reasoning', u'Logic', u'Nonmonotonic Reasoning', u'Description Logic', u'Modal Logic', u'Knowledge Representation and Reasoning', u'Machine Learning', u'Natural Language Processing', u'Description Logic', u'Knowledge Representation', u'Information Retrieval', u'Semantic Web', u'Description Logic', u'Knowledge Engineering', u'Artificial Intelligence', u'Nonmonotonic reasoning', u'Description logic', u'Possibilistic Logic', u'Automata Theory', u'Logic', u'Description Logic', u'Complexity Theory', u'Decidability', u'modal logic', u'description logic', u'knowledge representation'], 'Affiliation': u"CRIL, Universit\xe9 d'Artois", 'citedby': u'Cited by 702', 'Link': u'https://scholar.google.com/citations?user=NsYc_HIAAAAJ&hl=en&oe=ASCII', 'email': u'Verified email at cril.fr'}
2018-07-10 01:02:31 [scrapy.core.scraper] DEBUG: Scraped from <200 https://scholar.google.com.eg/citations?hl=en&view_op=search_authors&mauthors=label%3ALOD&btnG>
{'Name': u'Donghee Yoo', 'Topics': [u'Ontologies', u'LOD', u'Human Friendly Robots', u'Intelligent System', u'Semantic Web', u'LOD', u'Ontology', u'Data Mining', u'RDF', u'LOD', u'Formats XML', u'Biblioth\xe8ques num\xe9riques', u'virtual reality', u'augmented reality', u'computer graphics', u'scientific visualization', u'LOD', u'LOD', u'Semantic Web', u'OLAP', u'Big Data Analysis', u'Information Retrieval', u'\uc815\ubcf4\uc11c\ube44\uc2a4', u'LOD', u'AI', u'LOD', u'OWL', u'Ontology', u'Semantic Web', u'Ontology Development', u'LOD', u'Web Mining', u'Information Architecture'], 'Affiliation': u'Dept. of MIS, Gyeongsang National University', 'citedby': u'Cited by 308', 'Link': u'https://scholar.google.com/citations?user=yxMuNF4AAAAJ&hl=en&oe=ASCII', 'email': u'Verified email at gnu.ac.kr'}
2018-07-10 01:02:31 [scrapy.core.scraper] DEBUG: Scraped from <200 https://scholar.google.com.eg/citations?hl=en&view_op=search_authors&mauthors=label%3ALOD&btnG>
{'Name': u'Viviane Boul\xe9treau', 'Topics': [u'Ontologies', u'LOD', u'Human Friendly Robots', u'Intelligent System', u'Semantic Web', u'LOD', u'Ontology', u'Data Mining', u'RDF', u'LOD', u'Formats XML', u'Biblioth\xe8ques num\xe9riques', u'virtual reality', u'augmented reality', u'computer graphics', u'scientific visualization', u'LOD', u'LOD', u'Semantic Web', u'OLAP', u'Big Data Analysis', u'Information Retrieval', u'\uc815\ubcf4\uc11c\ube44\uc2a4', u'LOD', u'AI', u'LOD', u'OWL', u'Ontology', u'Semantic Web', u'Ontology Development', u'LOD', u'Web Mining', u'Information Architecture'], 'Affiliation': u'Resp. R&D, programme Pers\xe9e', 'citedby': u'Cited by 134', 'Link': u'https://scholar.google.com/citations?user=ncp4G_UAAAAJ&hl=en&oe=ASCII', 'email': u'Verified email at persee.fr'}
2018-07-10 01:02:31 [scrapy.core.scraper] DEBUG: Scraped from <200 https://scholar.google.com.eg/citations?hl=en&view_op=search_authors&mauthors=label%3ALOD&btnG>
{'Name': u'Nancy Rodriguez', 'Topics': [u'Ontologies', u'LOD', u'Human Friendly Robots', u'Intelligent System', u'Semantic Web', u'LOD', u'Ontology', u'Data Mining', u'RDF', u'LOD', u'Formats XML', u'Biblioth\xe8ques num\xe9riques', u'virtual reality', u'augmented reality', u'computer graphics', u'scientific visualization', u'LOD', u'LOD', u'Semantic Web', u'OLAP', u'Big Data Analysis', u'Information Retrieval', u'\uc815\ubcf4\uc11c\ube44\uc2a4', u'LOD', u'AI', u'LOD', u'OWL', u'Ontology', u'Semantic Web', u'Ontology Development', u'LOD', u'Web Mining', u'Information Architecture'], 'Affiliation': u'Assistant Professor of Computer Science, LIRMM UM2', 'citedby': u'Cited by 111', 'Link': u'https://scholar.google.com/citations?user=xK3n_2cAAAAJ&hl=en&oe=ASCII', 'email': u'Verified email at lirmm.fr'}
2018-07-10 01:02:31 [scrapy.core.scraper] DEBUG: Scraped from <200 https://scholar.google.com.eg/citations?view_op=search_authors&hl=en&mauthors=label:description_logic>
{'Name': u'Klemens Schnattinger', 'Topics': [u'Knowledge representation', u'description logic', u'ontology', u'SNOMED CT', u'Artificial Intelligence', u'Knowledge Representation', u'Semantic Web', u'Description Logic', u'Description Logic', u'Automated Reasoning', u'Knowledge Representation', u'Semantic Web', u'Artificial Intelligence', u'Description logic', u'temporal logic', u'automated reasoning', u'Logic', u'Nonmonotonic Reasoning', u'Description Logic', u'Modal Logic', u'Knowledge Representation and Reasoning', u'Machine Learning', u'Natural Language Processing', u'Description Logic', u'Knowledge Representation', u'Information Retrieval', u'Semantic Web', u'Description Logic', u'Knowledge Engineering', u'Artificial Intelligence', u'Nonmonotonic reasoning', u'Description logic', u'Possibilistic Logic', u'Automata Theory', u'Logic', u'Description Logic', u'Complexity Theory', u'Decidability', u'modal logic', u'description logic', u'knowledge representation'], 'Affiliation': u'Professor of Machine Learning and Natural Language Processing', 'citedby': u'Cited by 537', 'Link': u'https://scholar.google.com/citations?user=XNTOoIwAAAAJ&hl=en&oe=ASCII', 'email': u'Verified email at dhbw-loerrach.de'}
2018-07-10 01:02:31 [scrapy.core.scraper] DEBUG: Scraped from <200 https://scholar.google.com.eg/citations?view_op=search_authors&hl=en&mauthors=label:description_logic>
{'Name': u'Faezeh Ensan', 'Topics': [u'Knowledge representation', u'description logic', u'ontology', u'SNOMED CT', u'Artificial Intelligence', u'Knowledge Representation', u'Semantic Web', u'Description Logic', u'Description Logic', u'Automated Reasoning', u'Knowledge Representation', u'Semantic Web', u'Artificial Intelligence', u'Description logic', u'temporal logic', u'automated reasoning', u'Logic', u'Nonmonotonic Reasoning', u'Description Logic', u'Modal Logic', u'Knowledge Representation and Reasoning', u'Machine Learning', u'Natural Language Processing', u'Description Logic', u'Knowledge Representation', u'Information Retrieval', u'Semantic Web', u'Description Logic', u'Knowledge Engineering', u'Artificial Intelligence', u'Nonmonotonic reasoning', u'Description logic', u'Possibilistic Logic', u'Automata Theory', u'Logic', u'Description Logic', u'Complexity Theory', u'Decidability', u'modal logic', u'description logic', u'knowledge representation'], 'Affiliation': u'Ferdowsi University of Mashhad', 'citedby': u'Cited by 417', 'Link': u'https://scholar.google.com/citations?user=kg0__6QAAAAJ&hl=en&oe=ASCII', 'email': u'Verified email at um.ac.ir'}
2018-07-10 01:02:31 [scrapy.core.scraper] DEBUG: Scraped from <200 https://scholar.google.com.eg/citations?view_op=search_authors&hl=en&mauthors=label:description_logic>
{'Name': u'aicha mokhtari', 'Topics': [u'Knowledge representation', u'description logic', u'ontology', u'SNOMED CT', u'Artificial Intelligence', u'Knowledge Representation', u'Semantic Web', u'Description Logic', u'Description Logic', u'Automated Reasoning', u'Knowledge Representation', u'Semantic Web', u'Artificial Intelligence', u'Description logic', u'temporal logic', u'automated reasoning', u'Logic', u'Nonmonotonic Reasoning', u'Description Logic', u'Modal Logic', u'Knowledge Representation and Reasoning', u'Machine Learning', u'Natural Language Processing', u'Description Logic', u'Knowledge Representation', u'Information Retrieval', u'Semantic Web', u'Description Logic', u'Knowledge Engineering', u'Artificial Intelligence', u'Nonmonotonic reasoning', u'Description logic', u'Possibilistic Logic', u'Automata Theory', u'Logic', u'Description Logic', u'Complexity Theory', u'Decidability', u'modal logic', u'description logic', u'knowledge representation'], 'Affiliation': u"Departement d'informatique USTHB", 'citedby': u'Cited by 304', 'Link': u'https://scholar.google.com/citations?user=g1aHX8IAAAAJ&hl=en&oe=ASCII', 'email': u'Verified email at usthb.dz'}
2018-07-10 01:02:31 [scrapy.core.scraper] DEBUG: Scraped from <200 https://scholar.google.com.eg/citations?hl=en&view_op=search_authors&mauthors=label%3ALOD&btnG>
{'Name': u'Takahiro Komamizu', 'Topics': [u'Ontologies', u'LOD', u'Human Friendly Robots', u'Intelligent System', u'Semantic Web', u'LOD', u'Ontology', u'Data Mining', u'RDF', u'LOD', u'Formats XML', u'Biblioth\xe8ques num\xe9riques', u'virtual reality', u'augmented reality', u'computer graphics', u'scientific visualization', u'LOD', u'LOD', u'Semantic Web', u'OLAP', u'Big Data Analysis', u'Information Retrieval', u'\uc815\ubcf4\uc11c\ube44\uc2a4', u'LOD', u'AI', u'LOD', u'OWL', u'Ontology', u'Semantic Web', u'Ontology Development', u'LOD', u'Web Mining', u'Information Architecture'], 'Affiliation': u'Nagoya University', 'citedby': u'Cited by 28', 'Link': u'https://scholar.google.com/citations?user=j4n_V44AAAAJ&hl=en&oe=ASCII', 'email': u'Verified email at acm.org'}
2018-07-10 01:02:31 [scrapy.core.scraper] DEBUG: Scraped from <200 https://scholar.google.com.eg/citations?hl=en&view_op=search_authors&mauthors=label%3ALOD&btnG>
{'Name': u'\uae40\uc9c0\uc601', 'Topics': [u'Ontologies', u'LOD', u'Human Friendly Robots', u'Intelligent System', u'Semantic Web', u'LOD', u'Ontology', u'Data Mining', u'RDF', u'LOD', u'Formats XML', u'Biblioth\xe8ques num\xe9riques', u'virtual reality', u'augmented reality', u'computer graphics', u'scientific visualization', u'LOD', u'LOD', u'Semantic Web', u'OLAP', u'Big Data Analysis', u'Information Retrieval', u'\uc815\ubcf4\uc11c\ube44\uc2a4', u'LOD', u'AI', u'LOD', u'OWL', u'Ontology', u'Semantic Web', u'Ontology Development', u'LOD', u'Web Mining', u'Information Architecture'], 'Affiliation': u'\uc131\uade0\uad00\ub300\ud559\uad50', 'citedby': u'Cited by 5', 'Link': u'https://scholar.google.com/citations?user=AN9nbT0AAAAJ&hl=en&oe=ASCII', 'email': u'Verified email at skku.edu'}
2018-07-10 01:02:31 [scrapy.core.scraper] DEBUG: Scraped from <200 https://scholar.google.com.eg/citations?hl=en&view_op=search_authors&mauthors=label%3ALOD&btnG>
{'Name': u'Mikhail Navrotskiy', 'Topics': [u'Ontologies', u'LOD', u'Human Friendly Robots', u'Intelligent System', u'Semantic Web', u'LOD', u'Ontology', u'Data Mining', u'RDF', u'LOD', u'Formats XML', u'Biblioth\xe8ques num\xe9riques', u'virtual reality', u'augmented reality', u'computer graphics', u'scientific visualization', u'LOD', u'LOD', u'Semantic Web', u'OLAP', u'Big Data Analysis', u'Information Retrieval', u'\uc815\ubcf4\uc11c\ube44\uc2a4', u'LOD', u'AI', u'LOD', u'OWL', u'Ontology', u'Semantic Web', u'Ontology Development', u'LOD', u'Web Mining', u'Information Architecture'], 'Affiliation': u'ITMO University', 'citedby': u'Cited by 4', 'Link': u'https://scholar.google.com/citations?user=sT51q4YAAAAJ&hl=en&oe=ASCII', 'email': u'Verified email at corp.ifmo.ru'}
2018-07-10 01:02:31 [scrapy.core.scraper] DEBUG: Scraped from <200 https://scholar.google.com.eg/citations?view_op=search_authors&hl=en&mauthors=label:description_logic>
{'Name': u'Barbara Morawska', 'Topics': [u'Knowledge representation', u'description logic', u'ontology', u'SNOMED CT', u'Artificial Intelligence', u'Knowledge Representation', u'Semantic Web', u'Description Logic', u'Description Logic', u'Automated Reasoning', u'Knowledge Representation', u'Semantic Web', u'Artificial Intelligence', u'Description logic', u'temporal logic', u'automated reasoning', u'Logic', u'Nonmonotonic Reasoning', u'Description Logic', u'Modal Logic', u'Knowledge Representation and Reasoning', u'Machine Learning', u'Natural Language Processing', u'Description Logic', u'Knowledge Representation', u'Information Retrieval', u'Semantic Web', u'Description Logic', u'Knowledge Engineering', u'Artificial Intelligence', u'Nonmonotonic reasoning', u'Description logic', u'Possibilistic Logic', u'Automata Theory', u'Logic', u'Description Logic', u'Complexity Theory', u'Decidability', u'modal logic', u'description logic', u'knowledge representation'], 'Affiliation': u'Technical University of Dresden', 'citedby': u'Cited by 257', 'Link': u'https://scholar.google.com/citations?user=ON03Ig4AAAAJ&hl=en&oe=ASCII', 'email': u'Verified email at tu-dresden.de'}
2018-07-10 01:02:31 [scrapy.core.scraper] DEBUG: Scraped from <200 https://scholar.google.com.eg/citations?view_op=search_authors&hl=en&mauthors=label:description_logic>
{'Name': u'Evgeny Zolin (\u0415\u0432\u0433\u0435\u043d\u0438\u0439 \u0417\u043e\u043b\u0438\u043d)', 'Topics': [u'Knowledge representation', u'description logic', u'ontology', u'SNOMED CT', u'Artificial Intelligence', u'Knowledge Representation', u'Semantic Web', u'Description Logic', u'Description Logic', u'Automated Reasoning', u'Knowledge Representation', u'Semantic Web', u'Artificial Intelligence', u'Description logic', u'temporal logic', u'automated reasoning', u'Logic', u'Nonmonotonic Reasoning', u'Description Logic', u'Modal Logic', u'Knowledge Representation and Reasoning', u'Machine Learning', u'Natural Language Processing', u'Description Logic', u'Knowledge Representation', u'Information Retrieval', u'Semantic Web', u'Description Logic', u'Knowledge Engineering', u'Artificial Intelligence', u'Nonmonotonic reasoning', u'Description logic', u'Possibilistic Logic', u'Automata Theory', u'Logic', u'Description Logic', u'Complexity Theory', u'Decidability', u'modal logic', u'description logic', u'knowledge representation'], 'Affiliation': u'Lomonosov Moscow State University', 'citedby': u'Cited by 243', 'Link': u'https://scholar.google.com/citations?user=C0of6_UAAAAJ&hl=en&oe=ASCII', 'email': u'Verified email at lpcs.math.msu.su'}
2018-07-10 01:02:31 [scrapy.core.scraper] DEBUG: Scraped from <200 https://scholar.google.com.eg/citations?hl=en&view_op=search_authors&mauthors=label%3ALOD&btnG>
{'Name': u'Mumtaz Khan', 'Topics': [u'Ontologies', u'LOD', u'Human Friendly Robots', u'Intelligent System', u'Semantic Web', u'LOD', u'Ontology', u'Data Mining', u'RDF', u'LOD', u'Formats XML', u'Biblioth\xe8ques num\xe9riques', u'virtual reality', u'augmented reality', u'computer graphics', u'scientific visualization', u'LOD', u'LOD', u'Semantic Web', u'OLAP', u'Big Data Analysis', u'Information Retrieval', u'\uc815\ubcf4\uc11c\ube44\uc2a4', u'LOD', u'AI', u'LOD', u'OWL', u'Ontology', u'Semantic Web', u'Ontology Development', u'LOD', u'Web Mining', u'Information Architecture'], 'Affiliation': u'Lecturer of Computer Science, Higher Education KPK', 'citedby': u'Cited by 2', 'Link': u'https://scholar.google.com/citations?user=WBQawCYAAAAJ&hl=en&oe=ASCII', 'email': u'Verified email at upesh.edu.pk'}
2018-07-10 01:02:33 [scrapy.core.engine] DEBUG: Crawled (200) <GET https://scholar.google.com.eg/citations?view_op=search_authors&hl=en&mauthors=label:description_logic&after_author=_u8RAAr___8J&astart=10> (referer: https://scholar.google.com.eg/citations?view_op=search_authors&hl=en&mauthors=label:description_logic)
2018-07-10 01:02:33 [scrapy.core.scraper] DEBUG: Scraped from <200 https://scholar.google.com.eg/citations?view_op=search_authors&hl=en&mauthors=label:description_logic&after_author=_u8RAAr___8J&astart=10>
{'Name': u'Marco Cerami', 'Topics': [u'logic', u'mathematical fuzzy logic', u'modal logic', u'description logic', u'fuzzy description logic', u'Semantic Web', u'Description Logic', u'Automated Reasoning', u'OWL', u'Local Closed World Reasoning', u'Spatial Logic', u'Description Logic', u'Geospatial Information Science', u'Ontologies', u'AI', u'Big Data', u'Description Logic', u'Automated Reasoning', u'Tableau calculus', u'Description logic', u'Blocking', u'Tableau refinement', u'Computational Learning Theory', u'Description Logic', u'Description Logic', u'Semantic Web', u'Description Logic', u'Ontology', u'Automated Reasoning', u'Data Analysis'], 'Affiliation': u'UFBA', 'citedby': u'Cited by 233', 'Link': u'https://scholar.google.com/citations?user=7GNg-zkAAAAJ&hl=en&oe=ASCII', 'email': u'Verified email at ufba.br'}
2018-07-10 01:02:33 [scrapy.core.scraper] DEBUG: Scraped from <200 https://scholar.google.com.eg/citations?view_op=search_authors&hl=en&mauthors=label:description_logic&after_author=_u8RAAr___8J&astart=10>
{'Name': u'Kunal Sengupta', 'Topics': [u'logic', u'mathematical fuzzy logic', u'modal logic', u'description logic', u'fuzzy description logic', u'Semantic Web', u'Description Logic', u'Automated Reasoning', u'OWL', u'Local Closed World Reasoning', u'Spatial Logic', u'Description Logic', u'Geospatial Information Science', u'Ontologies', u'AI', u'Big Data', u'Description Logic', u'Automated Reasoning', u'Tableau calculus', u'Description logic', u'Blocking', u'Tableau refinement', u'Computational Learning Theory', u'Description Logic', u'Description Logic', u'Semantic Web', u'Description Logic', u'Ontology', u'Automated Reasoning', u'Data Analysis'], 'Affiliation': u'Amazon', 'citedby': u'Cited by 206', 'Link': u'https://scholar.google.com/citations?user=KQ6ESMkAAAAJ&hl=en&oe=ASCII', 'email': u'Verified email at wright.edu'}
2018-07-10 01:02:33 [scrapy.core.scraper] DEBUG: Scraped from <200 https://scholar.google.com.eg/citations?view_op=search_authors&hl=en&mauthors=label:description_logic&after_author=_u8RAAr___8J&astart=10>
{'Name': u'Heshan Du', 'Topics': [u'logic', u'mathematical fuzzy logic', u'modal logic', u'description logic', u'fuzzy description logic', u'Semantic Web', u'Description Logic', u'Automated Reasoning', u'OWL', u'Local Closed World Reasoning', u'Spatial Logic', u'Description Logic', u'Geospatial Information Science', u'Ontologies', u'AI', u'Big Data', u'Description Logic', u'Automated Reasoning', u'Tableau calculus', u'Description logic', u'Blocking', u'Tableau refinement', u'Computational Learning Theory', u'Description Logic', u'Description Logic', u'Semantic Web', u'Description Logic', u'Ontology', u'Automated Reasoning', u'Data Analysis'], 'Affiliation': u'University of Nottingham Ningbo China', 'citedby': u'Cited by 120', 'Link': u'https://scholar.google.com/citations?user=Dj2Z4zQAAAAJ&hl=en&oe=ASCII', 'email': u'Verified email at nottingham.edu.cn'}
2018-07-10 01:02:33 [scrapy.core.scraper] DEBUG: Scraped from <200 https://scholar.google.com.eg/citations?view_op=search_authors&hl=en&mauthors=label:description_logic&after_author=_u8RAAr___8J&astart=10>
{'Name': u'Pawe\u0142 Kap\u0142a\u0144ski', 'Topics': [u'logic', u'mathematical fuzzy logic', u'modal logic', u'description logic', u'fuzzy description logic', u'Semantic Web', u'Description Logic', u'Automated Reasoning', u'OWL', u'Local Closed World Reasoning', u'Spatial Logic', u'Description Logic', u'Geospatial Information Science', u'Ontologies', u'AI', u'Big Data', u'Description Logic', u'Automated Reasoning', u'Tableau calculus', u'Description logic', u'Blocking', u'Tableau refinement', u'Computational Learning Theory', u'Description Logic', u'Description Logic', u'Semantic Web', u'Description Logic', u'Ontology', u'Automated Reasoning', u'Data Analysis'], 'Affiliation': u'PhD at GUT Gdansk, CTO at Cognitum.eu', 'citedby': u'Cited by 97', 'Link': u'https://scholar.google.com/citations?user=Hu5Wzb0AAAAJ&hl=en&oe=ASCII', 'email': u'Verified email at sydney.edu.au'}
2018-07-10 01:02:33 [scrapy.core.scraper] DEBUG: Scraped from <200 https://scholar.google.com.eg/citations?view_op=search_authors&hl=en&mauthors=label:description_logic&after_author=_u8RAAr___8J&astart=10>
{'Name': u'Mohammad Khodadadi', 'Topics': [u'logic', u'mathematical fuzzy logic', u'modal logic', u'description logic', u'fuzzy description logic', u'Semantic Web', u'Description Logic', u'Automated Reasoning', u'OWL', u'Local Closed World Reasoning', u'Spatial Logic', u'Description Logic', u'Geospatial Information Science', u'Ontologies', u'AI', u'Big Data', u'Description Logic', u'Automated Reasoning', u'Tableau calculus', u'Description logic', u'Blocking', u'Tableau refinement', u'Computational Learning Theory', u'Description Logic', u'Description Logic', u'Semantic Web', u'Description Logic', u'Ontology', u'Automated Reasoning', u'Data Analysis'], 'Affiliation': u'PhD student at School of Computer Science, The University of Manchester', 'citedby': u'Cited by 63', 'Link': u'https://scholar.google.com/citations?user=atpTE2IAAAAJ&hl=en&oe=ASCII', 'email': u'Verified email at cs.man.ac.uk'}
2018-07-10 01:02:33 [scrapy.core.scraper] DEBUG: Scraped from <200 https://scholar.google.com.eg/citations?view_op=search_authors&hl=en&mauthors=label:description_logic&after_author=_u8RAAr___8J&astart=10>
{'Name': u'Ana Ozaki', 'Topics': [u'logic', u'mathematical fuzzy logic', u'modal logic', u'description logic', u'fuzzy description logic', u'Semantic Web', u'Description Logic', u'Automated Reasoning', u'OWL', u'Local Closed World Reasoning', u'Spatial Logic', u'Description Logic', u'Geospatial Information Science', u'Ontologies', u'AI', u'Big Data', u'Description Logic', u'Automated Reasoning', u'Tableau calculus', u'Description logic', u'Blocking', u'Tableau refinement', u'Computational Learning Theory', u'Description Logic', u'Description Logic', u'Semantic Web', u'Description Logic', u'Ontology', u'Automated Reasoning', u'Data Analysis'], 'Affiliation': u'Technische Universit\xe4t Dresden', 'citedby': u'Cited by 57', 'Link': u'https://scholar.google.com/citations?user=OLUiO4kAAAAJ&hl=en&oe=ASCII', 'email': u'Verified email at tu-dresden.de'}
2018-07-10 01:02:33 [scrapy.core.scraper] DEBUG: Scraped from <200 https://scholar.google.com.eg/citations?view_op=search_authors&hl=en&mauthors=label:description_logic&after_author=_u8RAAr___8J&astart=10>
{'Name': u'Eleni Tsalapati', 'Topics': [u'logic', u'mathematical fuzzy logic', u'modal logic', u'description logic', u'fuzzy description logic', u'Semantic Web', u'Description Logic', u'Automated Reasoning', u'OWL', u'Local Closed World Reasoning', u'Spatial Logic', u'Description Logic', u'Geospatial Information Science', u'Ontologies', u'AI', u'Big Data', u'Description Logic', u'Automated Reasoning', u'Tableau calculus', u'Description logic', u'Blocking', u'Tableau refinement', u'Computational Learning Theory', u'Description Logic', u'Description Logic', u'Semantic Web', u'Description Logic', u'Ontology', u'Automated Reasoning', u'Data Analysis'], 'Affiliation': u'University of Loughborough', 'citedby': u'Cited by 22', 'Link': u'https://scholar.google.com/citations?user=TdzZ1psAAAAJ&hl=en&oe=ASCII', 'email': None}
2018-07-10 01:02:33 [scrapy.core.scraper] DEBUG: Scraped from <200 https://scholar.google.com.eg/citations?view_op=search_authors&hl=en&mauthors=label:description_logic&after_author=_u8RAAr___8J&astart=10>
{'Name': u'Wudhichart Sawangphol', 'Topics': [u'logic', u'mathematical fuzzy logic', u'modal logic', u'description logic', u'fuzzy description logic', u'Semantic Web', u'Description Logic', u'Automated Reasoning', u'OWL', u'Local Closed World Reasoning', u'Spatial Logic', u'Description Logic', u'Geospatial Information Science', u'Ontologies', u'AI', u'Big Data', u'Description Logic', u'Automated Reasoning', u'Tableau calculus', u'Description logic', u'Blocking', u'Tableau refinement', u'Computational Learning Theory', u'Description Logic', u'Description Logic', u'Semantic Web', u'Description Logic', u'Ontology', u'Automated Reasoning', u'Data Analysis'], 'Affiliation': u'Lecturer at Faculty of ICT, Mahidol University', 'citedby': u'Cited by 17', 'Link': u'https://scholar.google.com/citations?user=TDyxQbgAAAAJ&hl=en&oe=ASCII', 'email': u'Verified email at mahidol.edu'}
2018-07-10 01:02:33 [scrapy.core.engine] INFO: Closing spider (finished)
2018-07-10 01:02:33 [scrapy.statscollectors] INFO: Dumping Scrapy stats:
{'downloader/request_bytes': 1160,
 'downloader/request_count': 3,
 'downloader/request_method_count/GET': 3,
 'downloader/response_bytes': 63373,
 'downloader/response_count': 3,
 'downloader/response_status_count/200': 3,
 'finish_reason': 'finished',
 'finish_time': datetime.datetime(2018, 7, 9, 23, 2, 33, 246000),
 'item_scraped_count': 26,
 'log_count/DEBUG': 30,
 'log_count/INFO': 7,
 'request_depth_max': 1,
 'response_received_count': 3,
 'scheduler/dequeued': 3,
 'scheduler/dequeued/memory': 3,
 'scheduler/enqueued': 3,
 'scheduler/enqueued/memory': 3,
 'start_time': datetime.datetime(2018, 7, 9, 23, 2, 29, 579000)}
2018-07-10 01:02:33 [scrapy.core.engine] INFO: Spider closed (finished)
2018-07-10 01:08:56 [scrapy.utils.log] INFO: Scrapy 1.5.0 started (bot: GScholar_Spider)
2018-07-10 01:08:56 [scrapy.utils.log] INFO: Versions: lxml 4.2.1.0, libxml2 2.9.8, cssselect 1.0.3, parsel 1.5.0, w3lib 1.19.0, Twisted 18.4.0, Python 2.7.15 |Anaconda, Inc.| (default, May  1 2018, 18:37:09) [MSC v.1500 64 bit (AMD64)], pyOpenSSL 18.0.0 (OpenSSL 1.0.2o  27 Mar 2018), cryptography 2.2.2, Platform Windows-7-6.1.7601-SP1
2018-07-10 01:08:56 [scrapy.crawler] INFO: Overridden settings: {'NEWSPIDER_MODULE': 'GScholar_Spider.spiders', 'SPIDER_MODULES': ['GScholar_Spider.spiders'], 'LOG_FILE': 'Logs.log', 'BOT_NAME': 'GScholar_Spider'}
2018-07-10 01:08:56 [scrapy.middleware] INFO: Enabled extensions:
['scrapy.extensions.logstats.LogStats',
 'scrapy.extensions.telnet.TelnetConsole',
 'scrapy.extensions.corestats.CoreStats']
2018-07-10 01:08:56 [scrapy.middleware] INFO: Enabled downloader middlewares:
['scrapy.downloadermiddlewares.httpauth.HttpAuthMiddleware',
 'scrapy.downloadermiddlewares.downloadtimeout.DownloadTimeoutMiddleware',
 'scrapy.downloadermiddlewares.defaultheaders.DefaultHeadersMiddleware',
 'scrapy.downloadermiddlewares.useragent.UserAgentMiddleware',
 'scrapy.downloadermiddlewares.retry.RetryMiddleware',
 'scrapy.downloadermiddlewares.redirect.MetaRefreshMiddleware',
 'scrapy.downloadermiddlewares.httpcompression.HttpCompressionMiddleware',
 'scrapy.downloadermiddlewares.redirect.RedirectMiddleware',
 'scrapy.downloadermiddlewares.cookies.CookiesMiddleware',
 'scrapy.downloadermiddlewares.httpproxy.HttpProxyMiddleware',
 'scrapy.downloadermiddlewares.stats.DownloaderStats']
2018-07-10 01:08:56 [scrapy.middleware] INFO: Enabled spider middlewares:
['scrapy.spidermiddlewares.httperror.HttpErrorMiddleware',
 'scrapy.spidermiddlewares.offsite.OffsiteMiddleware',
 'scrapy.spidermiddlewares.referer.RefererMiddleware',
 'scrapy.spidermiddlewares.urllength.UrlLengthMiddleware',
 'scrapy.spidermiddlewares.depth.DepthMiddleware']
2018-07-10 01:08:56 [scrapy.middleware] INFO: Enabled item pipelines:
[]
2018-07-10 01:08:56 [scrapy.core.engine] INFO: Spider opened
2018-07-10 01:08:56 [scrapy.extensions.logstats] INFO: Crawled 0 pages (at 0 pages/min), scraped 0 items (at 0 items/min)
2018-07-10 01:08:56 [scrapy.extensions.telnet] DEBUG: Telnet console listening on 127.0.0.1:6023
2018-07-10 01:08:58 [scrapy.core.engine] DEBUG: Crawled (200) <GET https://scholar.google.com.eg/citations?view_op=search_authors&hl=en&mauthors=label:description_logic> (referer: None)
2018-07-10 01:08:58 [scrapy.core.scraper] DEBUG: Scraped from <200 https://scholar.google.com.eg/citations?view_op=search_authors&hl=en&mauthors=label:description_logic>
{'Name': u'Ronald Cornet', 'Topics': [u'Knowledge representation', u'description logic', u'ontology', u'SNOMED CT'], 'Affiliation': u'Associate professor in Medical Informatics, Academic Medical Center - University of\xa0\u2026', 'citedby': u'Cited by 3267', 'Link': u'https://scholar.google.com/citations?user=fEWSFjkAAAAJ&hl=en&oe=ASCII', 'email': u'Verified email at amc.uva.nl'}
2018-07-10 01:08:58 [scrapy.core.scraper] DEBUG: Scraped from <200 https://scholar.google.com.eg/citations?view_op=search_authors&hl=en&mauthors=label:description_logic>
{'Name': u'Stefan Schlobach', 'Topics': [u'Artificial Intelligence', u'Knowledge Representation', u'Semantic Web', u'Description Logic'], 'Affiliation': u'Vrije Universiteit Amsterdam', 'citedby': u'Cited by 2738', 'Link': u'https://scholar.google.com/citations?user=MWCYB5QAAAAJ&hl=en&oe=ASCII', 'email': u'Verified email at vu.nl'}
2018-07-10 01:08:58 [scrapy.core.scraper] DEBUG: Scraped from <200 https://scholar.google.com.eg/citations?view_op=search_authors&hl=en&mauthors=label:description_logic>
{'Name': u'Cong Wang', 'Topics': [u'Description Logic', u'Automated Reasoning', u'Knowledge Representation', u'Semantic Web', u'Artificial Intelligence'], 'Affiliation': u'Kno.e.sis Center, Wright State University', 'citedby': u'Cited by 1460', 'Link': u'https://scholar.google.com/citations?user=pcmE2OcAAAAJ&hl=en&oe=ASCII', 'email': u'Verified email at wright.edu'}
2018-07-10 01:08:58 [scrapy.core.scraper] DEBUG: Scraped from <200 https://scholar.google.com.eg/citations?view_op=search_authors&hl=en&mauthors=label:description_logic>
{'Name': u'Boris Konev', 'Topics': [u'Description logic', u'temporal logic', u'automated reasoning'], 'Affiliation': u'Professor of Computer Science, Liverpool University', 'citedby': u'Cited by 1450', 'Link': u'https://scholar.google.com/citations?user=W0VU0J8AAAAJ&hl=en&oe=ASCII', 'email': u'Verified email at liverpool.ac.uk'}
2018-07-10 01:08:58 [scrapy.core.scraper] DEBUG: Scraped from <200 https://scholar.google.com.eg/citations?view_op=search_authors&hl=en&mauthors=label:description_logic>
{'Name': u'Ivan Varzinczak', 'Topics': [u'Logic', u'Nonmonotonic Reasoning', u'Description Logic', u'Modal Logic', u'Knowledge Representation and Reasoning'], 'Affiliation': u"CRIL, Universit\xe9 d'Artois", 'citedby': u'Cited by 702', 'Link': u'https://scholar.google.com/citations?user=NsYc_HIAAAAJ&hl=en&oe=ASCII', 'email': u'Verified email at cril.fr'}
2018-07-10 01:08:58 [scrapy.core.scraper] DEBUG: Scraped from <200 https://scholar.google.com.eg/citations?view_op=search_authors&hl=en&mauthors=label:description_logic>
{'Name': u'Klemens Schnattinger', 'Topics': [u'Machine Learning', u'Natural Language Processing', u'Description Logic', u'Knowledge Representation'], 'Affiliation': u'Professor of Machine Learning and Natural Language Processing', 'citedby': u'Cited by 537', 'Link': u'https://scholar.google.com/citations?user=XNTOoIwAAAAJ&hl=en&oe=ASCII', 'email': u'Verified email at dhbw-loerrach.de'}
2018-07-10 01:08:58 [scrapy.core.scraper] DEBUG: Scraped from <200 https://scholar.google.com.eg/citations?view_op=search_authors&hl=en&mauthors=label:description_logic>
{'Name': u'Faezeh Ensan', 'Topics': [u'Information Retrieval', u'Semantic Web', u'Description Logic', u'Knowledge Engineering'], 'Affiliation': u'Ferdowsi University of Mashhad', 'citedby': u'Cited by 417', 'Link': u'https://scholar.google.com/citations?user=kg0__6QAAAAJ&hl=en&oe=ASCII', 'email': u'Verified email at um.ac.ir'}
2018-07-10 01:08:58 [scrapy.core.scraper] DEBUG: Scraped from <200 https://scholar.google.com.eg/citations?view_op=search_authors&hl=en&mauthors=label:description_logic>
{'Name': u'aicha mokhtari', 'Topics': [u'Artificial Intelligence', u'Nonmonotonic reasoning', u'Description logic', u'Possibilistic Logic'], 'Affiliation': u"Departement d'informatique USTHB", 'citedby': u'Cited by 304', 'Link': u'https://scholar.google.com/citations?user=g1aHX8IAAAAJ&hl=en&oe=ASCII', 'email': u'Verified email at usthb.dz'}
2018-07-10 01:08:58 [scrapy.core.scraper] DEBUG: Scraped from <200 https://scholar.google.com.eg/citations?view_op=search_authors&hl=en&mauthors=label:description_logic>
{'Name': u'Barbara Morawska', 'Topics': [u'Automata Theory', u'Logic', u'Description Logic', u'Complexity Theory', u'Decidability'], 'Affiliation': u'Technical University of Dresden', 'citedby': u'Cited by 257', 'Link': u'https://scholar.google.com/citations?user=ON03Ig4AAAAJ&hl=en&oe=ASCII', 'email': u'Verified email at tu-dresden.de'}
2018-07-10 01:08:58 [scrapy.core.scraper] DEBUG: Scraped from <200 https://scholar.google.com.eg/citations?view_op=search_authors&hl=en&mauthors=label:description_logic>
{'Name': u'Evgeny Zolin (\u0415\u0432\u0433\u0435\u043d\u0438\u0439 \u0417\u043e\u043b\u0438\u043d)', 'Topics': [u'modal logic', u'description logic', u'knowledge representation'], 'Affiliation': u'Lomonosov Moscow State University', 'citedby': u'Cited by 243', 'Link': u'https://scholar.google.com/citations?user=C0of6_UAAAAJ&hl=en&oe=ASCII', 'email': u'Verified email at lpcs.math.msu.su'}
2018-07-10 01:08:58 [scrapy.core.engine] DEBUG: Crawled (200) <GET https://scholar.google.com.eg/citations?hl=en&view_op=search_authors&mauthors=label%3ALOD&btnG> (referer: None)
2018-07-10 01:08:58 [scrapy.core.scraper] DEBUG: Scraped from <200 https://scholar.google.com.eg/citations?hl=en&view_op=search_authors&mauthors=label%3ALOD&btnG>
{'Name': u'Takahira Yamaguchi', 'Topics': [u'Ontologies', u'LOD', u'Human Friendly Robots'], 'Affiliation': u'Keio University', 'citedby': u'Cited by 1716', 'Link': u'https://scholar.google.com/citations?user=ENSwT_MAAAAJ&hl=en&oe=ASCII', 'email': u'Verified email at ae.keio.ac.jp'}
2018-07-10 01:08:58 [scrapy.core.scraper] DEBUG: Scraped from <200 https://scholar.google.com.eg/citations?hl=en&view_op=search_authors&mauthors=label%3ALOD&btnG>
{'Name': u'Donghee Yoo', 'Topics': [u'Intelligent System', u'Semantic Web', u'LOD', u'Ontology', u'Data Mining'], 'Affiliation': u'Dept. of MIS, Gyeongsang National University', 'citedby': u'Cited by 308', 'Link': u'https://scholar.google.com/citations?user=yxMuNF4AAAAJ&hl=en&oe=ASCII', 'email': u'Verified email at gnu.ac.kr'}
2018-07-10 01:08:58 [scrapy.core.scraper] DEBUG: Scraped from <200 https://scholar.google.com.eg/citations?hl=en&view_op=search_authors&mauthors=label%3ALOD&btnG>
{'Name': u'Viviane Boul\xe9treau', 'Topics': [u'RDF', u'LOD', u'Formats XML', u'Biblioth\xe8ques num\xe9riques'], 'Affiliation': u'Resp. R&D, programme Pers\xe9e', 'citedby': u'Cited by 134', 'Link': u'https://scholar.google.com/citations?user=ncp4G_UAAAAJ&hl=en&oe=ASCII', 'email': u'Verified email at persee.fr'}
2018-07-10 01:08:59 [scrapy.core.scraper] DEBUG: Scraped from <200 https://scholar.google.com.eg/citations?hl=en&view_op=search_authors&mauthors=label%3ALOD&btnG>
{'Name': u'Nancy Rodriguez', 'Topics': [u'virtual reality', u'augmented reality', u'computer graphics', u'scientific visualization', u'LOD'], 'Affiliation': u'Assistant Professor of Computer Science, LIRMM UM2', 'citedby': u'Cited by 111', 'Link': u'https://scholar.google.com/citations?user=xK3n_2cAAAAJ&hl=en&oe=ASCII', 'email': u'Verified email at lirmm.fr'}
2018-07-10 01:08:59 [scrapy.core.scraper] DEBUG: Scraped from <200 https://scholar.google.com.eg/citations?hl=en&view_op=search_authors&mauthors=label%3ALOD&btnG>
{'Name': u'Takahiro Komamizu', 'Topics': [u'LOD', u'Semantic Web', u'OLAP', u'Big Data Analysis', u'Information Retrieval'], 'Affiliation': u'Nagoya University', 'citedby': u'Cited by 28', 'Link': u'https://scholar.google.com/citations?user=j4n_V44AAAAJ&hl=en&oe=ASCII', 'email': u'Verified email at acm.org'}
2018-07-10 01:08:59 [scrapy.core.scraper] DEBUG: Scraped from <200 https://scholar.google.com.eg/citations?hl=en&view_op=search_authors&mauthors=label%3ALOD&btnG>
{'Name': u'\uae40\uc9c0\uc601', 'Topics': [u'\uc815\ubcf4\uc11c\ube44\uc2a4', u'LOD'], 'Affiliation': u'\uc131\uade0\uad00\ub300\ud559\uad50', 'citedby': u'Cited by 5', 'Link': u'https://scholar.google.com/citations?user=AN9nbT0AAAAJ&hl=en&oe=ASCII', 'email': u'Verified email at skku.edu'}
2018-07-10 01:08:59 [scrapy.core.scraper] DEBUG: Scraped from <200 https://scholar.google.com.eg/citations?hl=en&view_op=search_authors&mauthors=label%3ALOD&btnG>
{'Name': u'Mikhail Navrotskiy', 'Topics': [u'AI', u'LOD', u'OWL', u'Ontology'], 'Affiliation': u'ITMO University', 'citedby': u'Cited by 4', 'Link': u'https://scholar.google.com/citations?user=sT51q4YAAAAJ&hl=en&oe=ASCII', 'email': u'Verified email at corp.ifmo.ru'}
2018-07-10 01:08:59 [scrapy.core.scraper] DEBUG: Scraped from <200 https://scholar.google.com.eg/citations?hl=en&view_op=search_authors&mauthors=label%3ALOD&btnG>
{'Name': u'Mumtaz Khan', 'Topics': [u'Semantic Web', u'Ontology Development', u'LOD', u'Web Mining', u'Information Architecture'], 'Affiliation': u'Lecturer of Computer Science, Higher Education KPK', 'citedby': u'Cited by 2', 'Link': u'https://scholar.google.com/citations?user=WBQawCYAAAAJ&hl=en&oe=ASCII', 'email': u'Verified email at upesh.edu.pk'}
2018-07-10 01:08:59 [scrapy.core.engine] DEBUG: Crawled (200) <GET https://scholar.google.com.eg/citations?view_op=search_authors&hl=en&mauthors=label:description_logic&after_author=_u8RAAr___8J&astart=10> (referer: https://scholar.google.com.eg/citations?view_op=search_authors&hl=en&mauthors=label:description_logic)
2018-07-10 01:08:59 [scrapy.core.scraper] DEBUG: Scraped from <200 https://scholar.google.com.eg/citations?view_op=search_authors&hl=en&mauthors=label:description_logic&after_author=_u8RAAr___8J&astart=10>
{'Name': u'Marco Cerami', 'Topics': [u'logic', u'mathematical fuzzy logic', u'modal logic', u'description logic', u'fuzzy description logic'], 'Affiliation': u'UFBA', 'citedby': u'Cited by 233', 'Link': u'https://scholar.google.com/citations?user=7GNg-zkAAAAJ&hl=en&oe=ASCII', 'email': u'Verified email at ufba.br'}
2018-07-10 01:08:59 [scrapy.core.scraper] DEBUG: Scraped from <200 https://scholar.google.com.eg/citations?view_op=search_authors&hl=en&mauthors=label:description_logic&after_author=_u8RAAr___8J&astart=10>
{'Name': u'Kunal Sengupta', 'Topics': [u'Semantic Web', u'Description Logic', u'Automated Reasoning', u'OWL', u'Local Closed World Reasoning'], 'Affiliation': u'Amazon', 'citedby': u'Cited by 206', 'Link': u'https://scholar.google.com/citations?user=KQ6ESMkAAAAJ&hl=en&oe=ASCII', 'email': u'Verified email at wright.edu'}
2018-07-10 01:08:59 [scrapy.core.scraper] DEBUG: Scraped from <200 https://scholar.google.com.eg/citations?view_op=search_authors&hl=en&mauthors=label:description_logic&after_author=_u8RAAr___8J&astart=10>
{'Name': u'Heshan Du', 'Topics': [u'Spatial Logic', u'Description Logic', u'Geospatial Information Science', u'Ontologies'], 'Affiliation': u'University of Nottingham Ningbo China', 'citedby': u'Cited by 120', 'Link': u'https://scholar.google.com/citations?user=Dj2Z4zQAAAAJ&hl=en&oe=ASCII', 'email': u'Verified email at nottingham.edu.cn'}
2018-07-10 01:08:59 [scrapy.core.scraper] DEBUG: Scraped from <200 https://scholar.google.com.eg/citations?view_op=search_authors&hl=en&mauthors=label:description_logic&after_author=_u8RAAr___8J&astart=10>
{'Name': u'Pawe\u0142 Kap\u0142a\u0144ski', 'Topics': [u'AI', u'Big Data', u'Description Logic'], 'Affiliation': u'PhD at GUT Gdansk, CTO at Cognitum.eu', 'citedby': u'Cited by 97', 'Link': u'https://scholar.google.com/citations?user=Hu5Wzb0AAAAJ&hl=en&oe=ASCII', 'email': u'Verified email at sydney.edu.au'}
2018-07-10 01:08:59 [scrapy.core.scraper] DEBUG: Scraped from <200 https://scholar.google.com.eg/citations?view_op=search_authors&hl=en&mauthors=label:description_logic&after_author=_u8RAAr___8J&astart=10>
{'Name': u'Mohammad Khodadadi', 'Topics': [u'Automated Reasoning', u'Tableau calculus', u'Description logic', u'Blocking', u'Tableau refinement'], 'Affiliation': u'PhD student at School of Computer Science, The University of Manchester', 'citedby': u'Cited by 63', 'Link': u'https://scholar.google.com/citations?user=atpTE2IAAAAJ&hl=en&oe=ASCII', 'email': u'Verified email at cs.man.ac.uk'}
2018-07-10 01:08:59 [scrapy.core.scraper] DEBUG: Scraped from <200 https://scholar.google.com.eg/citations?view_op=search_authors&hl=en&mauthors=label:description_logic&after_author=_u8RAAr___8J&astart=10>
{'Name': u'Ana Ozaki', 'Topics': [u'Computational Learning Theory', u'Description Logic'], 'Affiliation': u'Technische Universit\xe4t Dresden', 'citedby': u'Cited by 57', 'Link': u'https://scholar.google.com/citations?user=OLUiO4kAAAAJ&hl=en&oe=ASCII', 'email': u'Verified email at tu-dresden.de'}
2018-07-10 01:08:59 [scrapy.core.scraper] DEBUG: Scraped from <200 https://scholar.google.com.eg/citations?view_op=search_authors&hl=en&mauthors=label:description_logic&after_author=_u8RAAr___8J&astart=10>
{'Name': u'Eleni Tsalapati', 'Topics': [u'Description Logic'], 'Affiliation': u'University of Loughborough', 'citedby': u'Cited by 22', 'Link': u'https://scholar.google.com/citations?user=TdzZ1psAAAAJ&hl=en&oe=ASCII', 'email': None}
2018-07-10 01:08:59 [scrapy.core.scraper] DEBUG: Scraped from <200 https://scholar.google.com.eg/citations?view_op=search_authors&hl=en&mauthors=label:description_logic&after_author=_u8RAAr___8J&astart=10>
{'Name': u'Wudhichart Sawangphol', 'Topics': [u'Semantic Web', u'Description Logic', u'Ontology', u'Automated Reasoning', u'Data Analysis'], 'Affiliation': u'Lecturer at Faculty of ICT, Mahidol University', 'citedby': u'Cited by 17', 'Link': u'https://scholar.google.com/citations?user=TDyxQbgAAAAJ&hl=en&oe=ASCII', 'email': u'Verified email at mahidol.edu'}
2018-07-10 01:08:59 [scrapy.core.engine] INFO: Closing spider (finished)
2018-07-10 01:08:59 [scrapy.statscollectors] INFO: Dumping Scrapy stats:
{'downloader/request_bytes': 1160,
 'downloader/request_count': 3,
 'downloader/request_method_count/GET': 3,
 'downloader/response_bytes': 63371,
 'downloader/response_count': 3,
 'downloader/response_status_count/200': 3,
 'finish_reason': 'finished',
 'finish_time': datetime.datetime(2018, 7, 9, 23, 8, 59, 430000),
 'item_scraped_count': 26,
 'log_count/DEBUG': 30,
 'log_count/INFO': 7,
 'request_depth_max': 1,
 'response_received_count': 3,
 'scheduler/dequeued': 3,
 'scheduler/dequeued/memory': 3,
 'scheduler/enqueued': 3,
 'scheduler/enqueued/memory': 3,
 'start_time': datetime.datetime(2018, 7, 9, 23, 8, 56, 950000)}
2018-07-10 01:08:59 [scrapy.core.engine] INFO: Spider closed (finished)
